<?xml version="1.0" encoding="UTF-8"?>
<testng-results ignored="0" total="1" passed="1" failed="0" skipped="0">
  <reporter-output>
  </reporter-output>
  <suite started-at="2021-06-25T12:09:08 IST" name="Default suite" finished-at="2021-06-25T12:09:22 IST" duration-ms="14751">
    <groups>
    </groups>
    <test started-at="2021-06-25T12:09:08 IST" name="Default test" finished-at="2021-06-25T12:09:22 IST" duration-ms="14751">
      <class name="testcases.UserTest">
        <test-method signature="useTest()[pri:0, instance:testcases.UserTest@776b83cc]" started-at="2021-06-25T12:09:08 IST" name="useTest" finished-at="2021-06-25T12:09:22 IST" duration-ms="14718" status="PASS">
          <reporter-output>
          </reporter-output>
        </test-method> <!-- useTest -->
      </class> <!-- testcases.UserTest -->
    </test> <!-- Default test -->
  </suite> <!-- Default suite -->
</testng-results>
